<?xml version="1.0" encoding="UTF-8"?>
<!-- Generated by org.testng.reporters.JUnitXMLReporter -->
<testsuite hostname="Rajesh" ignored="0" name="Test" tests="7" failures="3" timestamp="12 Aug 2020 14:36:54 GMT" time="3.613" errors="0">
  <testcase name="TC1" time="3.22" classname="org.testing.Scripts.PostRequest"/>
  <testcase name="getrequestforidTC2" time="0.093" classname="org.testing.Scripts.GetRequestTC2"/>
  <testcase name="TC3" time="0.102" classname="org.testing.Scripts.idsTC3"/>
  <testcase name="putrequestusingidTC4" time="0.115" classname="org.testing.Scripts.PutRequestTC4"/>
  <testcase name="main" time="0.0" classname="org.testing.Scripts.TC6_ReadJsonFile">
    <failure type="org.testng.TestNGException" message="
Cannot inject @Test annotated Method [main] with [class [Ljava.lang.String;].
For more information on native dependency injection please refer to http://testng.org/doc/documentation-main.html#native-dependency-injection">
      <![CDATA[org.testng.TestNGException: 
Cannot inject @Test annotated Method [main] with [class [Ljava.lang.String;].
For more information on native dependency injection please refer to http://testng.org/doc/documentation-main.html#native-dependency-injection
... Removed 24 stack frames]]>
    </failure>
  </testcase> <!-- main -->
  <testcase name="main" time="0.0" classname="org.testing.Scripts.TC7_InsertValue">
    <failure type="org.testng.TestNGException" message="
Cannot inject @Test annotated Method [main] with [class [Ljava.lang.String;].
For more information on native dependency injection please refer to http://testng.org/doc/documentation-main.html#native-dependency-injection">
      <![CDATA[org.testng.TestNGException: 
Cannot inject @Test annotated Method [main] with [class [Ljava.lang.String;].
For more information on native dependency injection please refer to http://testng.org/doc/documentation-main.html#native-dependency-injection
... Removed 24 stack frames]]>
    </failure>
  </testcase> <!-- main -->
  <testcase name="main" time="0.0" classname="org.testing.Scripts.TC8">
    <failure type="org.testng.TestNGException" message="
Cannot inject @Test annotated Method [main] with [class [Ljava.lang.String;].
For more information on native dependency injection please refer to http://testng.org/doc/documentation-main.html#native-dependency-injection">
      <![CDATA[org.testng.TestNGException: 
Cannot inject @Test annotated Method [main] with [class [Ljava.lang.String;].
For more information on native dependency injection please refer to http://testng.org/doc/documentation-main.html#native-dependency-injection
... Removed 24 stack frames]]>
    </failure>
  </testcase> <!-- main -->
</testsuite> <!-- Test -->
